10/06/2022 04:09:15 PM – [Main:20] – INFO: Operating mode : Default
10/06/2022 04:09:15 PM – [Main:30] – INFO: Initializing model parameters
10/06/2022 04:09:15 PM – [Inflation:18] – INFO: Setting up initial attributes for Inflation.
10/06/2022 04:09:15 PM – [Inflation:27] – INFO: Inflation - Initial Conditions : [1.000000,-0.005667,0.000000].
10/06/2022 04:09:15 PM – [Inflation:69] – INFO: A termination event occurred. epsilon_1 = 1.
10/06/2022 04:09:15 PM – [Inflation:70] – INFO: Inflation ends at t_e = 99.372657 t_Planck.
10/06/2022 04:09:15 PM – [Inflation:93] – INFO: Writting inflation data to file inf_data.
10/06/2022 05:07:00 PM – [Main:20] – INFO: Operating mode : Default
10/06/2022 05:07:00 PM – [Main:30] – INFO: Initializing model parameters
10/06/2022 05:07:00 PM – [Inflation:18] – INFO: Setting up initial attributes for Inflation.
10/06/2022 05:07:00 PM – [Inflation:27] – INFO: Inflation - Initial Conditions : [1.000000,-0.005667,0.000000].
10/06/2022 05:07:00 PM – [Inflation:69] – INFO: A termination event occurred. epsilon_1 = 1.
10/06/2022 05:07:00 PM – [Inflation:70] – INFO: Inflation ends at t_e = 99.372657 t_Planck.
10/06/2022 05:07:00 PM – [Inflation:93] – INFO: Writting inflation data to file inf_data.
11/06/2022 01:40:15 AM – [Main:20] – INFO: Operating mode : Default
11/06/2022 01:40:15 AM – [Main:30] – INFO: Initializing model parameters
11/06/2022 01:40:15 AM – [Inflation:18] – INFO: Setting up initial attributes for Inflation.
11/06/2022 01:40:15 AM – [Inflation:27] – INFO: Inflation - Initial Conditions : [1.000000,-0.005667,0.000000].
11/06/2022 01:40:15 AM – [Inflation:74] – INFO: A termination event occurred. epsilon_1 = 1.
11/06/2022 01:40:15 AM – [Inflation:75] – INFO: Inflation ends at t_e = 99.372657 t_Planck.
11/06/2022 01:40:15 AM – [Inflation:98] – INFO: Writting inflation data to file inf_data.
11/06/2022 01:57:07 AM – [Main:20] – INFO: Operating mode : Default
11/06/2022 01:57:07 AM – [Main:30] – INFO: Initializing model parameters
11/06/2022 01:57:07 AM – [Inflation:18] – INFO: Setting up initial attributes for Inflation.
11/06/2022 01:57:07 AM – [Inflation:27] – INFO: Inflation - Initial Conditions : [1.000000,-0.005667,0.000000].
11/06/2022 01:57:07 AM – [Inflation:136] – INFO: A termination event occurred. epsilon_1 = 1.
11/06/2022 01:57:07 AM – [Inflation:137] – INFO: Inflation ends at t_e = 99.372657 t_Planck.
11/06/2022 01:57:07 AM – [Inflation:160] – INFO: Writting inflation data to file inf_data.
11/06/2022 01:58:09 AM – [Main:20] – INFO: Operating mode : Default
11/06/2022 01:58:09 AM – [Main:30] – INFO: Initializing model parameters
11/06/2022 01:58:09 AM – [Inflation:18] – INFO: Setting up initial attributes for Inflation.
11/06/2022 01:58:09 AM – [Inflation:27] – INFO: Inflation - Initial Conditions : [1.000000,-0.005667,0.000000].
11/06/2022 01:58:09 AM – [Inflation:136] – INFO: A termination event occurred. epsilon_1 = 1.
11/06/2022 01:58:09 AM – [Inflation:137] – INFO: Inflation ends at t_e = 99.372657 t_Planck.
11/06/2022 01:58:09 AM – [Inflation:160] – INFO: Writting inflation data to file inf_data.
11/06/2022 01:58:52 AM – [Main:20] – INFO: Operating mode : Default
11/06/2022 01:58:52 AM – [Main:30] – INFO: Initializing model parameters
11/06/2022 01:58:52 AM – [Inflation:18] – INFO: Setting up initial attributes for Inflation.
11/06/2022 01:58:52 AM – [Inflation:27] – INFO: Inflation - Initial Conditions : [1.000000,-0.005667,0.000000].
11/06/2022 01:58:52 AM – [Inflation:136] – INFO: A termination event occurred. epsilon_1 = 1.
11/06/2022 01:58:52 AM – [Inflation:137] – INFO: Inflation ends at t_e = 99.372657 t_Planck.
11/06/2022 01:58:52 AM – [Inflation:160] – INFO: Writting inflation data to file inf_data.
11/06/2022 02:04:11 AM – [Main:20] – INFO: Operating mode : Default
11/06/2022 02:04:11 AM – [Main:30] – INFO: Initializing model parameters
11/06/2022 02:04:11 AM – [Inflation:18] – INFO: Setting up initial attributes for Inflation.
11/06/2022 02:04:11 AM – [Inflation:27] – INFO: Inflation - Initial Conditions : [1.000000,-0.005667,0.000000].
11/06/2022 02:04:12 AM – [Inflation:145] – INFO: A termination event occurred. epsilon_1 = 1.
11/06/2022 02:04:12 AM – [Inflation:146] – INFO: Inflation ends at t_e = 99.372657 t_Planck.
11/06/2022 02:04:12 AM – [Inflation:169] – INFO: Writting inflation data to file inf_data.
11/06/2022 02:06:07 AM – [Main:20] – INFO: Operating mode : Default
11/06/2022 02:06:07 AM – [Main:30] – INFO: Initializing model parameters
11/06/2022 02:06:07 AM – [Inflation:18] – INFO: Setting up initial attributes for Inflation.
11/06/2022 02:06:07 AM – [Inflation:27] – INFO: Inflation - Initial Conditions : [1.000000,-0.005667,0.000000].
11/06/2022 02:06:07 AM – [Inflation:145] – INFO: A termination event occurred. epsilon_1 = 1.
11/06/2022 02:06:07 AM – [Inflation:146] – INFO: Inflation ends at t_e = 99.372657 t_Planck.
11/06/2022 02:06:07 AM – [Inflation:169] – INFO: Writting inflation data to file inf_data.
11/06/2022 02:07:28 AM – [Main:20] – INFO: Operating mode : Default
11/06/2022 02:07:28 AM – [Main:30] – INFO: Initializing model parameters
11/06/2022 02:07:28 AM – [Inflation:18] – INFO: Setting up initial attributes for Inflation.
11/06/2022 02:07:28 AM – [Inflation:27] – INFO: Inflation - Initial Conditions : [1.000000,-0.005667,0.000000].
11/06/2022 02:07:28 AM – [Inflation:145] – INFO: A termination event occurred. epsilon_1 = 1.
11/06/2022 02:07:28 AM – [Inflation:146] – INFO: Inflation ends at t_e = 99.372657 t_Planck.
11/06/2022 02:07:28 AM – [Inflation:169] – INFO: Writting inflation data to file inf_data.
11/06/2022 02:07:50 AM – [Main:20] – INFO: Operating mode : Default
11/06/2022 02:07:50 AM – [Main:30] – INFO: Initializing model parameters
11/06/2022 02:07:50 AM – [Inflation:18] – INFO: Setting up initial attributes for Inflation.
11/06/2022 02:07:50 AM – [Inflation:27] – INFO: Inflation - Initial Conditions : [1.000000,-0.005667,0.000000].
11/06/2022 02:07:50 AM – [Inflation:146] – INFO: A termination event occurred. epsilon_1 = 1.
11/06/2022 02:07:50 AM – [Inflation:147] – INFO: Inflation ends at t_e = 99.372657 t_Planck.
11/06/2022 02:07:50 AM – [Inflation:170] – INFO: Writting inflation data to file inf_data.
11/06/2022 02:09:44 AM – [Main:20] – INFO: Operating mode : Default
11/06/2022 02:09:44 AM – [Main:30] – INFO: Initializing model parameters
11/06/2022 02:09:44 AM – [Inflation:18] – INFO: Setting up initial attributes for Inflation.
11/06/2022 02:09:44 AM – [Inflation:27] – INFO: Inflation - Initial Conditions : [1.000000,-0.005667,0.000000].
11/06/2022 02:09:44 AM – [Inflation:130] – INFO: A termination event occurred. epsilon_1 = 1.
11/06/2022 02:09:44 AM – [Inflation:131] – INFO: Inflation ends at t_e = 99.372657 t_Planck.
11/06/2022 02:09:44 AM – [Inflation:154] – INFO: Writting inflation data to file inf_data.
11/06/2022 02:11:34 AM – [Main:20] – INFO: Operating mode : Default
11/06/2022 02:11:34 AM – [Main:30] – INFO: Initializing model parameters
11/06/2022 02:11:34 AM – [Inflation:18] – INFO: Setting up initial attributes for Inflation.
11/06/2022 02:11:34 AM – [Inflation:27] – INFO: Inflation - Initial Conditions : [1.000000,-0.005667,0.000000].
11/06/2022 02:11:34 AM – [Inflation:142] – INFO: A termination event occurred. epsilon_1 = 1.
11/06/2022 02:11:34 AM – [Inflation:143] – INFO: Inflation ends at t_e = 99.372657 t_Planck.
11/06/2022 02:11:34 AM – [Inflation:166] – INFO: Writting inflation data to file inf_data.
11/06/2022 02:13:55 AM – [Main:20] – INFO: Operating mode : Default
11/06/2022 02:13:55 AM – [Main:30] – INFO: Initializing model parameters
11/06/2022 02:13:55 AM – [Inflation:18] – INFO: Setting up initial attributes for Inflation.
11/06/2022 02:13:55 AM – [Inflation:27] – INFO: Inflation - Initial Conditions : [1.000000,-0.005667,0.000000].
11/06/2022 02:13:55 AM – [Inflation:142] – INFO: A termination event occurred. epsilon_1 = 1.
11/06/2022 02:13:55 AM – [Inflation:143] – INFO: Inflation ends at t_e = 99.372657 t_Planck.
11/06/2022 02:13:55 AM – [Inflation:166] – INFO: Writting inflation data to file inf_data.
11/06/2022 02:15:12 AM – [Main:20] – INFO: Operating mode : Default
11/06/2022 02:15:12 AM – [Main:30] – INFO: Initializing model parameters
11/06/2022 02:15:12 AM – [Inflation:18] – INFO: Setting up initial attributes for Inflation.
11/06/2022 02:15:12 AM – [Inflation:27] – INFO: Inflation - Initial Conditions : [1.000000,-0.005667,0.000000].
11/06/2022 02:15:12 AM – [Inflation:91] – INFO: A termination event occurred. epsilon_1 = 1.
11/06/2022 02:15:12 AM – [Inflation:92] – INFO: Inflation ends at t_e = 99.372657 t_Planck.
11/06/2022 02:15:12 AM – [Inflation:115] – INFO: Writting inflation data to file inf_data.
12/06/2022 02:11:16 AM – [Main:20] – INFO: Operating mode : Default
12/06/2022 02:11:16 AM – [Main:30] – INFO: Initializing model parameters
12/06/2022 02:11:16 AM – [Inflation:18] – INFO: Setting up initial attributes for Inflation.
12/06/2022 02:11:16 AM – [Inflation:27] – INFO: Inflation - Initial Conditions : [1.000000,-0.005667,0.000000].
12/06/2022 02:11:16 AM – [Inflation:91] – INFO: A termination event occurred. epsilon_1 = 1.
12/06/2022 02:11:16 AM – [Inflation:92] – INFO: Inflation ends at t_e = 99.372657 t_Planck.
12/06/2022 02:11:16 AM – [Inflation:115] – INFO: Writting inflation data to file inf_data.
12/06/2022 02:11:45 AM – [Reheating:18] – INFO: Setting up initial attributes for Reheating.
12/06/2022 02:11:45 AM – [Reheating:22] – INFO: Reheating - Initial Conditions : [99.372657,0.102169,-0.010475,0.000004].
12/06/2022 02:13:42 AM – [Main:20] – INFO: Operating mode : Default
12/06/2022 02:13:42 AM – [Main:30] – INFO: Initializing model parameters
12/06/2022 02:13:42 AM – [Inflation:18] – INFO: Setting up initial attributes for Inflation.
12/06/2022 02:13:42 AM – [Inflation:27] – INFO: Inflation - Initial Conditions : [1.000000,-0.005667,0.000000].
12/06/2022 02:13:42 AM – [Inflation:91] – INFO: A termination event occurred. epsilon_1 = 1.
12/06/2022 02:13:42 AM – [Inflation:92] – INFO: Inflation ends at t_e = 99.372657 t_Planck.
12/06/2022 02:13:42 AM – [Inflation:115] – INFO: Writting inflation data to file inf_data.
12/06/2022 02:13:42 AM – [Reheating:18] – INFO: Setting up initial attributes for Reheating.
12/06/2022 02:13:42 AM – [Reheating:22] – INFO: Reheating - Initial Conditions : [99.372657,0.102169,-0.010475,0.000004].
12/06/2022 02:15:32 AM – [Main:20] – INFO: Operating mode : Default
12/06/2022 02:15:32 AM – [Main:30] – INFO: Initializing model parameters
12/06/2022 02:15:32 AM – [Inflation:18] – INFO: Setting up initial attributes for Inflation.
12/06/2022 02:15:32 AM – [Inflation:27] – INFO: Inflation - Initial Conditions : [1.000000,-0.005667,0.000000].
12/06/2022 02:15:32 AM – [Inflation:91] – INFO: A termination event occurred. epsilon_1 = 1.
12/06/2022 02:15:32 AM – [Inflation:92] – INFO: Inflation ends at t_e = 99.372657 t_Planck.
12/06/2022 02:15:32 AM – [Inflation:115] – INFO: Writting inflation data to file inf_data.
12/06/2022 02:15:32 AM – [Reheating:18] – INFO: Setting up initial attributes for Reheating.
12/06/2022 02:15:32 AM – [Reheating:22] – INFO: Reheating - Initial Conditions : [99.372657,0.102169,-0.010475,0.000004].
12/06/2022 02:16:07 AM – [Main:20] – INFO: Operating mode : Default
12/06/2022 02:16:07 AM – [Main:30] – INFO: Initializing model parameters
12/06/2022 02:16:07 AM – [Inflation:18] – INFO: Setting up initial attributes for Inflation.
12/06/2022 02:16:07 AM – [Inflation:27] – INFO: Inflation - Initial Conditions : [1.000000,-0.005667,0.000000].
12/06/2022 02:16:07 AM – [Inflation:91] – INFO: A termination event occurred. epsilon_1 = 1.
12/06/2022 02:16:07 AM – [Inflation:92] – INFO: Inflation ends at t_e = 99.372657 t_Planck.
12/06/2022 02:16:07 AM – [Inflation:115] – INFO: Writting inflation data to file inf_data.
12/06/2022 02:16:07 AM – [Reheating:18] – INFO: Setting up initial attributes for Reheating.
12/06/2022 02:16:07 AM – [Reheating:22] – INFO: Reheating - Initial Conditions : [99.372657,0.102169,-0.010475,0.000004].
12/06/2022 02:18:57 AM – [Main:24] – INFO: Operating mode : Default
12/06/2022 02:18:57 AM – [Main:34] – INFO: Initializing model parameters
12/06/2022 02:18:57 AM – [Inflation:18] – INFO: Setting up initial attributes for Inflation.
12/06/2022 02:18:57 AM – [Inflation:27] – INFO: Inflation - Initial Conditions : [1.000000,-0.005667,0.000000].
12/06/2022 02:18:57 AM – [Inflation:91] – INFO: A termination event occurred. epsilon_1 = 1.
12/06/2022 02:18:57 AM – [Inflation:92] – INFO: Inflation ends at t_e = 99.372657 t_Planck.
12/06/2022 02:18:57 AM – [Inflation:115] – INFO: Writting inflation data to file inf_data.
12/06/2022 02:18:57 AM – [Reheating:18] – INFO: Setting up initial attributes for Reheating.
12/06/2022 02:18:57 AM – [Reheating:22] – INFO: Reheating - Initial Conditions : [99.372657,0.102169,-0.010475,0.000004].
12/06/2022 02:21:45 AM – [Main:20] – INFO: Operating mode : Default
12/06/2022 02:21:45 AM – [Main:30] – INFO: Initializing model parameters
12/06/2022 02:21:45 AM – [Inflation:18] – INFO: Setting up initial attributes for Inflation.
12/06/2022 02:21:45 AM – [Inflation:27] – INFO: Inflation - Initial Conditions : [1.000000,-0.005667,0.000000].
12/06/2022 02:21:45 AM – [Inflation:91] – INFO: A termination event occurred. epsilon_1 = 1.
12/06/2022 02:21:45 AM – [Inflation:92] – INFO: Inflation ends at t_e = 99.372657 t_Planck.
12/06/2022 02:21:45 AM – [Inflation:115] – INFO: Writting inflation data to file inf_data.
12/06/2022 02:21:45 AM – [Reheating:18] – INFO: Setting up initial attributes for Reheating.
12/06/2022 02:21:45 AM – [Reheating:22] – INFO: Reheating - Initial Conditions : [99.372657,0.102169,-0.010475,0.000004].
12/06/2022 02:51:51 AM – [Main:20] – INFO: Operating mode : Default
12/06/2022 02:51:51 AM – [Main:30] – INFO: Initializing model parameters
12/06/2022 02:51:51 AM – [Inflation:18] – INFO: Setting up initial attributes for Inflation.
12/06/2022 02:51:51 AM – [Inflation:27] – INFO: Inflation - Initial Conditions : [1.000000,-0.005667,0.000000].
12/06/2022 02:51:51 AM – [Inflation:91] – INFO: A termination event occurred. epsilon_1 = 1.
12/06/2022 02:51:51 AM – [Inflation:92] – INFO: Inflation ends at t_e = 99.372657 t_Planck.
12/06/2022 02:51:51 AM – [Inflation:115] – INFO: Writting inflation data to file inf_data.
12/06/2022 02:51:51 AM – [Reheating:18] – INFO: Setting up initial attributes for Reheating.
12/06/2022 02:51:51 AM – [Reheating:22] – INFO: Reheating - Initial Conditions : [99.372657,0.102169,-0.010475,0.000004].
12/06/2022 03:07:24 AM – [Main:20] – INFO: Operating mode : Default
12/06/2022 03:07:24 AM – [Main:30] – INFO: Initializing model parameters
12/06/2022 03:07:24 AM – [Inflation:18] – INFO: Setting up initial attributes for Inflation.
12/06/2022 03:07:24 AM – [Inflation:27] – INFO: Inflation - Initial Conditions : [1.000000,-0.005667,0.000000].
12/06/2022 03:07:24 AM – [Inflation:91] – INFO: A termination event occurred. epsilon_1 = 1.
12/06/2022 03:07:24 AM – [Inflation:92] – INFO: Inflation ends at t_e = 99.372657 t_Planck.
12/06/2022 03:07:24 AM – [Inflation:115] – INFO: Writting inflation data to file inf_data.
12/06/2022 03:07:24 AM – [Reheating:18] – INFO: Setting up initial attributes for Reheating.
12/06/2022 03:07:24 AM – [Reheating:22] – INFO: Reheating - Initial Conditions : [99.372657,0.102169,-0.010475,0.000004].
13/06/2022 12:19:21 AM – [Main:20] – INFO: Operating mode : Default
13/06/2022 12:19:21 AM – [Main:30] – INFO: Initializing model parameters
13/06/2022 12:19:21 AM – [Inflation:18] – INFO: Setting up initial attributes for Inflation.
13/06/2022 12:19:21 AM – [Inflation:27] – INFO: Inflation - Initial Conditions : [1.000000,-0.005667,0.000000].
13/06/2022 12:19:21 AM – [Inflation:91] – INFO: A termination event occurred. epsilon_1 = 1.
13/06/2022 12:19:21 AM – [Inflation:92] – INFO: Inflation ends at t_e = 99.372657 t_Planck.
13/06/2022 12:19:21 AM – [Inflation:115] – INFO: Writting inflation data to file inf_data.
13/06/2022 12:19:21 AM – [Reheating:18] – INFO: Setting up initial attributes for Reheating.
13/06/2022 12:19:21 AM – [Reheating:22] – INFO: Reheating - Initial Conditions : [99.372657,0.102169,-0.010475,0.000004].
13/06/2022 12:41:22 AM – [Main:20] – INFO: Operating mode : Default
13/06/2022 12:41:22 AM – [Main:30] – INFO: Initializing model parameters
13/06/2022 12:41:22 AM – [Inflation:18] – INFO: Setting up initial attributes for Inflation.
13/06/2022 12:41:22 AM – [Inflation:27] – INFO: Inflation - Initial Conditions : [1.000000,-0.005667,0.000000].
13/06/2022 12:41:22 AM – [Inflation:91] – INFO: A termination event occurred. epsilon_1 = 1.
13/06/2022 12:41:22 AM – [Inflation:92] – INFO: Inflation ends at t_e = 99.372657 t_Planck.
13/06/2022 12:41:22 AM – [Inflation:115] – INFO: Writting inflation data to file inf_data.
13/06/2022 12:41:22 AM – [Reheating:18] – INFO: Setting up initial attributes for Reheating.
13/06/2022 12:41:22 AM – [Reheating:22] – INFO: Reheating - Initial Conditions : [99.372657,0.102169,-0.010475,0.000004].
13/06/2022 02:28:13 AM – [Main:20] – INFO: Operating mode : Default
13/06/2022 02:28:13 AM – [Main:30] – INFO: Initializing model parameters
13/06/2022 02:28:13 AM – [Inflation:18] – INFO: Setting up initial attributes for Inflation.
13/06/2022 02:28:13 AM – [Inflation:27] – INFO: Inflation - Initial Conditions : [1.000000,-0.005667,0.000000].
13/06/2022 02:28:13 AM – [Inflation:91] – INFO: A termination event occurred. epsilon_1 = 1.
13/06/2022 02:28:13 AM – [Inflation:92] – INFO: Inflation ends at t_e = 99.372657 t_Planck.
13/06/2022 02:28:13 AM – [Inflation:115] – INFO: Writting inflation data to file inf_data.
13/06/2022 02:28:22 AM – [Reheating:18] – INFO: Setting up initial attributes for Reheating.
13/06/2022 02:28:22 AM – [Reheating:22] – INFO: Reheating - Initial Conditions : [99.372657,0.102169,-0.010475,0.000004].
